<?xml version="1.0" encoding="UTF-8"?>
<testsuite xmlns:xsi="http://www.w3.org/2001/XMLSchema-instance" xsi:noNamespaceSchemaLocation="https://maven.apache.org/surefire/maven-surefire-plugin/xsd/surefire-test-report-3.0.xsd" version="3.0" name="com.kavya.systemdesign.ratelimiter.RateLimiterIntegrationTest" time="0.535" tests="1" errors="1" skipped="0" failures="0">
  <properties>
[...]
</properties>
  <testcase name="" classname="com.kavya.systemdesign.ratelimiter.RateLimiterIntegrationTest" time="0.535">
    <error message="Could not find a valid Docker environment. Please see logs and check configuration" type="java.lang.IllegalStateException"><![CDATA[java.lang.IllegalStateException: Could not find a valid Docker environment. Please see logs and check configuration
	at org.testcontainers.dockerclient.DockerClientProviderStrategy.lambda$getFirstValidStrategy$7(DockerClientProviderStrategy.java:277)
	at java.base/java.util.Optional.orElseThrow(Unknown Source)
	at org.testcontainers.dockerclient.DockerClientProviderStrategy.getFirstValidStrategy(DockerClientProviderStrategy.java:268)
	at org.testcontainers.DockerClientFactory.getOrInitializeStrategy(DockerClientFactory.java:152)
	at org.testcontainers.DockerClientFactory.client(DockerClientFactory.java:194)
	at org.testcontainers.DockerClientFactory$1.getDockerClient(DockerClientFactory.java:106)
	at com.github.dockerjava.api.DockerClientDelegate.authConfig(DockerClientDelegate.java:109)
	at org.testcontainers.containers.GenericContainer.start(GenericContainer.java:329)
	at org.testcontainers.junit.jupiter.TestcontainersExtension$StoreAdapter.start(TestcontainersExtension.java:280)
	at org.testcontainers.junit.jupiter.TestcontainersExtension$StoreAdapter.access$200(TestcontainersExtension.java:267)
	at org.testcontainers.junit.jupiter.TestcontainersExtension.lambda$null$4(TestcontainersExtension.java:82)
	at org.testcontainers.junit.jupiter.TestcontainersExtension.lambda$startContainers$5(TestcontainersExtension.java:82)
	at java.base/java.util.ArrayList.forEach(Unknown Source)
	at org.testcontainers.junit.jupiter.TestcontainersExtension.startContainers(TestcontainersExtension.java:82)
	at org.testcontainers.junit.jupiter.TestcontainersExtension.beforeAll(TestcontainersExtension.java:56)
	at java.base/java.util.ArrayList.forEach(Unknown Source)
]]></error>
    <system-out><![CDATA[17:59:52.145 [main] INFO org.springframework.test.context.support.AnnotationConfigContextLoaderUtils -- Could not detect default configuration classes for test class [com.kavya.systemdesign.ratelimiter.RateLimiterIntegrationTest]: RateLimiterIntegrationTest does not declare any static, non-private, non-final, nested classes annotated with @Configuration.
17:59:52.222 [main] INFO org.springframework.boot.test.context.SpringBootTestContextBootstrapper -- Found @SpringBootConfiguration com.kavya.systemdesign.ratelimiter.RateLimiterApplication for test class com.kavya.systemdesign.ratelimiter.RateLimiterIntegrationTest
17:59:52.340 [main] INFO org.testcontainers.images.PullPolicy -- Image pull policy will be performed by: DefaultPullPolicy()
17:59:52.342 [main] INFO org.testcontainers.utility.ImageNameSubstitutor -- Image name substitution will be performed by: DefaultImageNameSubstitutor (composite of 'ConfigurationFileImageNameSubstitutor' and 'PrefixingImageNameSubstitutor')
17:59:52.542 [main] INFO org.testcontainers.dockerclient.DockerMachineClientProviderStrategy -- docker-machine executable was not found on PATH ([C:/Users/kavya/.gemini/antigravity-ide/bin, C:\Program Files\Java\jdk-17\bin, C:\Program Files\Java\jdk-17\bin, C:\Program Files\Common Files\Oracle\Java\javapath, C:\Program Files\Python313\Scripts\, C:\Program Files\Python313\, C:\Windows\system32, C:\Windows, C:\Windows\System32\Wbem, C:\Windows\System32\WindowsPowerShell\v1.0\, C:\Windows\System32\OpenSSH\, C:\Program Files\Java\jre1.8.0_461\bin, C:\flutter_windows_3.32.7-stable\flutter\bin, C:\flutter_windows_3.32.7-stable\flutter\bin\cache\dart-sdk\bin, C:\Program Files\Java\jdk-24\bin, C:\Program Files\Java\jre-24\bin, c:\Users\kavya\AppData\Local\Programs\cursor\resources\app\bin, C:\Program Files\nodejs\, C:\ProgramData\chocolatey\bin, C:\Program Files\apache-maven-3.9.11\bin, C:\Program Files\OpenSSL-Win64\bin, C:\Program Files\Docker\Docker\resources\bin, C:\sqlite-tools-win-x64-3500400, C:\platform-tools, C:\ffmpeg\ffmpeg-8.0-essentials_build\bin, C:\Program Files\Git\cmd, C:\Program Files\Android\Android Studio\jbr\bin, C:\Users\kavya\AppData\Local\Programs\Antigravity\bin])
17:59:52.542 [main] ERROR org.testcontainers.dockerclient.DockerClientProviderStrategy -- Could not find a valid Docker environment. Please check configuration. Attempted configurations were:
As no valid configuration was found, execution cannot continue.
See https://java.testcontainers.org/on_failure.html for more details.
]]></system-out>
  </testcase>
</testsuite>